Arguments: 
  /home/padron/.nvm/versions/node/v14.17.0/bin/node /home/padron/.yarn/bin/yarn.js build:prod

PATH: 
  /home/padron/.yarn/bin:/home/padron/.config/yarn/global/node_modules/.bin:/home/padron/.nvm/versions/node/v14.17.0/bin:/usr/local/sbin:/usr/local/bin:/usr/sbin:/usr/bin:/sbin:/bin:/usr/games:/usr/local/games:/mnt/c/Program Files/WindowsApps/CanonicalGroupLimited.Ubuntu20.04onWindows_2004.2021.610.0_x64__79rhkp1fndgsc:/mnt/c/Windows/system32:/mnt/c/Windows:/mnt/c/Windows/System32/Wbem:/mnt/c/Windows/System32/WindowsPowerShell/v1.0/:/mnt/c/Windows/System32/OpenSSH/:/mnt/c/Program Files (x86)/NVIDIA Corporation/PhysX/Common:/mnt/c/Program Files/NVIDIA Corporation/NVIDIA NvDLISR:/mnt/c/Program Files/Git/cmd:/mnt/c/Users/Rafael Padron/.dnx/bin:/mnt/c/Program Files/Microsoft DNX/Dnvm/:/mnt/c/Program Files/Docker/Docker/resources/bin:/mnt/c/ProgramData/DockerDesktop/version-bin:/mnt/c/Users/Rafael Padron/AppData/Local/Microsoft/WindowsApps:/mnt/c/Users/Rafael Padron/AppData/Local/Programs/Microsoft VS Code/bin

Yarn version: 
  1.22.5

Node version: 
  14.17.0

Platform: 
  linux x64

Trace: 
  SyntaxError: /home/padron/proy/nx-ionic/package.json: Unexpected string in JSON at position 238
      at JSON.parse (<anonymous>)
      at /home/padron/.yarn/lib/cli.js:1625:59
      at Generator.next (<anonymous>)
      at step (/home/padron/.yarn/lib/cli.js:310:30)
      at /home/padron/.yarn/lib/cli.js:321:13

npm manifest: 
  {
    "name": "nx-ionic",
    "version": "0.0.0",
    "license": "MIT",
    "scripts": {
      "nx": "nx",
      "start": "nx serve",
      "start:prod":"node dist/apps/api/main.js",
      "build": "nx build",
      "build:prod": "nx build api --prod"
      "test": "nx test",
      "lint": "nx workspace-lint && nx lint",
      "e2e": "nx e2e",
      "affected:apps": "nx affected:apps",
      "affected:libs": "nx affected:libs",
      "affected:build": "nx affected:build",
      "affected:e2e": "nx affected:e2e",
      "affected:test": "nx affected:test",
      "affected:lint": "nx affected:lint",
      "affected:dep-graph": "nx affected:dep-graph",
      "affected": "nx affected",
      "format": "nx format:write",
      "format:write": "nx format:write",
      "format:check": "nx format:check",
      "update": "nx migrate latest",
      "workspace-generator": "nx workspace-generator",
      "dep-graph": "nx dep-graph",
      "help": "nx help",
      "postinstall": "ngcc --properties es2015 browser module main"
    },
    "private": true,
    "dependencies": {
      "@angular-devkit/architect": "^0.1201.3",
      "@angular-devkit/core": "^12.1.3",
      "@angular/animations": "12.1.3",
      "@angular/common": "12.1.3",
      "@angular/compiler": "12.1.3",
      "@angular/core": "^12.1.0",
      "@angular/forms": "12.1.3",
      "@angular/platform-browser": "12.1.3",
      "@angular/platform-browser-dynamic": "12.1.3",
      "@angular/router": "12.1.3",
      "@capacitor/android": "3.0.2",
      "@capacitor/app": "1.0.2",
      "@capacitor/core": "^3.0.2",
      "@capacitor/haptics": "1.0.2",
      "@capacitor/keyboard": "1.0.2",
      "@capacitor/status-bar": "1.0.2",
      "@ionic/angular": "^5.6.12",
      "@nestjs/common": "^8.0.5",
      "@nestjs/config": "^1.0.1",
      "@nestjs/core": "^8.0.5",
      "@nestjs/graphql": "^8.0.2",
      "@nestjs/platform-express": "^8.0.5",
      "apollo-server-express": "^2.25.2",
      "graphql": "^15.5.1",
      "graphql-tools": "^8.0.0",
      "joi": "^17.4.1",
      "reflect-metadata": "^0.1.13",
      "rxjs": "^7.2.0",
      "tslib": "^2.0.0",
      "zone.js": "0.11.4"
    },
    "devDependencies": {
      "@angular-devkit/build-angular": "~12.1.0",
      "@angular-eslint/eslint-plugin": "12.3.1",
      "@angular-eslint/eslint-plugin-template": "12.3.1",
      "@angular-eslint/template-parser": "12.3.1",
      "@angular/cli": "12.1.3",
      "@angular/compiler-cli": "12.1.3",
      "@angular/language-service": "12.1.3",
      "@capacitor/cli": "^3.0.2",
      "@ionic/angular-toolkit": "^4.0.0",
      "@nestjs/schematics": "^7.0.0",
      "@nestjs/testing": "^7.0.0",
      "@nrwl/angular": "12.6.2",
      "@nrwl/cli": "12.6.2",
      "@nrwl/cypress": "12.6.2",
      "@nrwl/eslint-plugin-nx": "12.6.2",
      "@nrwl/jest": "12.6.2",
      "@nrwl/linter": "12.6.2",
      "@nrwl/nest": "12.6.2",
      "@nrwl/node": "12.6.2",
      "@nrwl/tao": "12.6.2",
      "@nrwl/workspace": "12.6.2",
      "@types/jest": "26.0.8",
      "@types/node": "14.14.33",
      "@typescript-eslint/eslint-plugin": "4.28.5",
      "@typescript-eslint/parser": "4.28.5",
      "cypress": "^7.3.0",
      "dotenv": "8.2.0",
      "eslint": "7.22.0",
      "eslint-config-prettier": "8.1.0",
      "eslint-plugin-cypress": "^2.10.3",
      "husky": "^7.0.1",
      "jest": "27.0.3",
      "jest-preset-angular": "9.0.3",
      "lint-staged": "^11.0.1",
      "prettier": "^2.3.1",
      "ts-jest": "27.0.3",
      "ts-node": "~9.1.1",
      "typescript": "4.3.5"
    }
  }

yarn manifest: 
  No manifest

Lockfile: 
  No lockfile
